Determining if the pthread_create exist failed with the following output:
Change Dir: /home/skpro19/catkin_ws/src/bot_mapper/build/CMakeFiles/CMakeTmp

Run Build Command:"/usr/bin/make" "cmTC_bc61f/fast"
/usr/bin/make -f CMakeFiles/cmTC_bc61f.dir/build.make CMakeFiles/cmTC_bc61f.dir/build
make[1]: Entering directory '/home/skpro19/catkin_ws/src/bot_mapper/build/CMakeFiles/CMakeTmp'
Building C object CMakeFiles/cmTC_bc61f.dir/CheckSymbolExists.c.o
/usr/bin/x86_64-linux-gnu-gcc-7    -o CMakeFiles/cmTC_bc61f.dir/CheckSymbolExists.c.o   -c /home/skpro19/catkin_ws/src/bot_mapper/build/CMakeFiles/CMakeTmp/CheckSymbolExists.c
Linking C executable cmTC_bc61f
/usr/bin/cmake -E cmake_link_script CMakeFiles/cmTC_bc61f.dir/link.txt --verbose=1
/usr/bin/x86_64-linux-gnu-gcc-7      -rdynamic CMakeFiles/cmTC_bc61f.dir/CheckSymbolExists.c.o  -o cmTC_bc61f 
CMakeFiles/cmTC_bc61f.dir/CheckSymbolExists.c.o: In function `main':
CheckSymbolExists.c:(.text+0x1b): undefined reference to `pthread_create'
collect2: error: ld returned 1 exit status
CMakeFiles/cmTC_bc61f.dir/build.make:97: recipe for target 'cmTC_bc61f' failed
make[1]: *** [cmTC_bc61f] Error 1
make[1]: Leaving directory '/home/skpro19/catkin_ws/src/bot_mapper/build/CMakeFiles/CMakeTmp'
Makefile:126: recipe for target 'cmTC_bc61f/fast' failed
make: *** [cmTC_bc61f/fast] Error 2

File /home/skpro19/catkin_ws/src/bot_mapper/build/CMakeFiles/CMakeTmp/CheckSymbolExists.c:
/* */
#include <pthread.h>

int main(int argc, char** argv)
{
  (void)argv;
#ifndef pthread_create
  return ((int*)(&pthread_create))[argc];
#else
  (void)argc;
  return 0;
#endif
}

Determining if the function pthread_create exists in the pthreads failed with the following output:
Change Dir: /home/skpro19/catkin_ws/src/bot_mapper/build/CMakeFiles/CMakeTmp

Run Build Command:"/usr/bin/make" "cmTC_78888/fast"
/usr/bin/make -f CMakeFiles/cmTC_78888.dir/build.make CMakeFiles/cmTC_78888.dir/build
make[1]: Entering directory '/home/skpro19/catkin_ws/src/bot_mapper/build/CMakeFiles/CMakeTmp'
Building C object CMakeFiles/cmTC_78888.dir/CheckFunctionExists.c.o
/usr/bin/x86_64-linux-gnu-gcc-7   -DCHECK_FUNCTION_EXISTS=pthread_create   -o CMakeFiles/cmTC_78888.dir/CheckFunctionExists.c.o   -c /usr/share/cmake-3.10/Modules/CheckFunctionExists.c
Linking C executable cmTC_78888
/usr/bin/cmake -E cmake_link_script CMakeFiles/cmTC_78888.dir/link.txt --verbose=1
/usr/bin/x86_64-linux-gnu-gcc-7  -DCHECK_FUNCTION_EXISTS=pthread_create    -rdynamic CMakeFiles/cmTC_78888.dir/CheckFunctionExists.c.o  -o cmTC_78888 -lpthreads 
/usr/bin/ld: cannot find -lpthreads
collect2: error: ld returned 1 exit status
CMakeFiles/cmTC_78888.dir/build.make:97: recipe for target 'cmTC_78888' failed
make[1]: *** [cmTC_78888] Error 1
make[1]: Leaving directory '/home/skpro19/catkin_ws/src/bot_mapper/build/CMakeFiles/CMakeTmp'
Makefile:126: recipe for target 'cmTC_78888/fast' failed
make: *** [cmTC_78888/fast] Error 2


